2025-8-10 15:11:39-debug: start **** info
2025-8-10 15:11:40-log: Cannot access game frame or container.
2025-8-10 15:11:52-debug: asset-db:require-engine-code (13187ms)
2025-8-10 15:11:53-log: [bullet]:bullet wasm lib loaded.
2025-8-10 15:11:53-log: [box2d]:box2d wasm lib loaded.
2025-8-10 15:11:53-log: meshopt wasm decoder initialized
2025-8-10 15:11:53-log: Cocos Creator v3.8.6
2025-8-10 15:11:53-log: Using legacy pipeline
2025-8-10 15:11:53-debug: [Assets Memory track]: asset-db:worker-init: initEngine start:32.81MB, end 79.48MB, increase: 46.68MB
2025-8-10 15:11:53-log: Forward render pipeline initialized.
2025-8-10 15:11:53-debug: [Assets Memory track]: asset-db-plugin-register: programming start:80.33MB, end 85.04MB, increase: 4.71MB
2025-8-10 15:11:59-debug: [Assets Memory track]: asset-db-plugin-register: engine-extends start:220.07MB, end 223.00MB, increase: 2.93MB
2025-8-10 15:11:59-debug: [Assets Memory track]: asset-db-plugin-register: project start:80.21MB, end 223.18MB, increase: 142.98MB
2025-8-10 15:11:58-debug: [Assets Memory track]: asset-db-plugin-register: builder start:84.92MB, end 225.65MB, increase: 140.72MB
2025-8-10 15:11:59-debug: [Assets Memory track]: asset-db:worker-init: initPlugin start:79.50MB, end 223.22MB, increase: 143.72MB
2025-8-10 15:11:59-debug: asset-db:worker-init: initPlugin (5450ms)
2025-8-10 15:11:59-debug: [Assets Memory track]: asset-db:worker-init start:32.80MB, end 223.31MB, increase: 190.51MB
2025-8-10 15:11:59-debug: Run asset db hook engine-extends:beforePreStart success!
2025-8-10 15:11:59-debug: Run asset db hook programming:beforePreStart ...
2025-8-10 15:11:59-debug: Run asset db hook programming:beforePreStart success!
2025-8-10 15:11:59-debug: Run asset db hook engine-extends:beforePreStart ...
2025-8-10 15:11:59-debug: asset-db:worker-init (19761ms)
2025-8-10 15:11:59-debug: asset-db-hook-programming-beforePreStart (318ms)
2025-8-10 15:11:59-debug: asset-db-hook-engine-extends-beforePreStart (317ms)
2025-8-10 15:11:59-debug: Preimport db internal success
2025-8-10 15:11:59-debug: Preimport db assets success
2025-8-10 15:11:59-debug: Run asset db hook programming:afterPreStart ...
2025-8-10 15:11:59-debug: starting packer-driver...
2025-8-10 15:12:36-debug: initialize scripting environment...
2025-8-10 15:12:36-debug: [[Executor]] prepare before lock
2025-8-10 15:12:36-debug: Set detail map pack:///resolution-detail-map.json: {}
2025-8-10 15:12:36-debug: [[Executor]] prepare after unlock
2025-8-10 15:12:36-debug: Run asset db hook programming:afterPreStart success!
2025-8-10 15:12:36-debug: Run asset db hook engine-extends:afterPreStart ...
2025-8-10 15:12:36-debug: Run asset db hook engine-extends:afterPreStart success!
2025-8-10 15:12:36-debug: Start up the 'internal' database...
2025-8-10 15:12:37-debug: asset-db-hook-programming-afterPreStart (38022ms)
2025-8-10 15:12:37-debug: asset-db:worker-effect-data-processing (1035ms)
2025-8-10 15:12:37-debug: asset-db-hook-engine-extends-afterPreStart (1035ms)
2025-8-10 15:12:37-debug: Start up the 'assets' database...
2025-8-10 15:12:37-debug: asset-db:worker-startup-database[internal] (38741ms)
2025-8-10 15:12:37-debug: %cImport%c: G:\CocosProjects\Cocos-Learning\assets\Scripts\Cocos核心\2D 对象\UI系统\UI组件\UI组件.scenebackground: #aaff85; color: #000;color: #000;
2025-8-10 15:12:37-debug: [Assets Memory track]: asset-db:worker-init: startup start:172.90MB, end 187.72MB, increase: 14.82MB
2025-8-10 15:12:37-debug: lazy register asset handler json
2025-8-10 15:12:37-debug: lazy register asset handler spine-data
2025-8-10 15:12:37-debug: lazy register asset handler dragonbones
2025-8-10 15:12:37-debug: lazy register asset handler dragonbones-atlas
2025-8-10 15:12:37-debug: lazy register asset handler terrain
2025-8-10 15:12:37-debug: lazy register asset handler javascript
2025-8-10 15:12:37-debug: lazy register asset handler typescript
2025-8-10 15:12:37-debug: lazy register asset handler scene
2025-8-10 15:12:37-debug: lazy register asset handler prefab
2025-8-10 15:12:37-debug: lazy register asset handler sprite-frame
2025-8-10 15:12:37-debug: lazy register asset handler tiled-map
2025-8-10 15:12:37-debug: lazy register asset handler *
2025-8-10 15:12:37-debug: lazy register asset handler buffer
2025-8-10 15:12:37-debug: lazy register asset handler image
2025-8-10 15:12:37-debug: lazy register asset handler sign-image
2025-8-10 15:12:37-debug: lazy register asset handler alpha-image
2025-8-10 15:12:37-debug: lazy register asset handler texture
2025-8-10 15:12:37-debug: lazy register asset handler texture-cube
2025-8-10 15:12:37-debug: lazy register asset handler erp-texture-cube
2025-8-10 15:12:37-debug: lazy register asset handler texture-cube-face
2025-8-10 15:12:37-debug: lazy register asset handler directory
2025-8-10 15:12:37-debug: lazy register asset handler text
2025-8-10 15:12:37-debug: lazy register asset handler render-texture
2025-8-10 15:12:37-debug: lazy register asset handler rt-sprite-frame
2025-8-10 15:12:37-debug: lazy register asset handler gltf-animation
2025-8-10 15:12:37-debug: lazy register asset handler gltf-skeleton
2025-8-10 15:12:37-debug: lazy register asset handler gltf-mesh
2025-8-10 15:12:37-debug: lazy register asset handler gltf-scene
2025-8-10 15:12:37-debug: lazy register asset handler gltf-material
2025-8-10 15:12:37-debug: lazy register asset handler material
2025-8-10 15:12:37-debug: lazy register asset handler gltf
2025-8-10 15:12:37-debug: lazy register asset handler physics-material
2025-8-10 15:12:37-debug: lazy register asset handler effect
2025-8-10 15:12:37-debug: lazy register asset handler effect-header
2025-8-10 15:12:37-debug: lazy register asset handler gltf-embeded-image
2025-8-10 15:12:37-debug: lazy register asset handler audio-clip
2025-8-10 15:12:37-debug: lazy register asset handler animation-mask
2025-8-10 15:12:37-debug: lazy register asset handler ttf-font
2025-8-10 15:12:37-debug: lazy register asset handler animation-clip
2025-8-10 15:12:37-debug: lazy register asset handler animation-graph
2025-8-10 15:12:37-debug: lazy register asset handler bitmap-font
2025-8-10 15:12:37-debug: lazy register asset handler animation-graph-variant
2025-8-10 15:12:37-debug: lazy register asset handler particle
2025-8-10 15:12:37-debug: lazy register asset handler render-pipeline
2025-8-10 15:12:37-debug: lazy register asset handler fbx
2025-8-10 15:12:37-debug: lazy register asset handler sprite-atlas
2025-8-10 15:12:37-debug: lazy register asset handler auto-atlas
2025-8-10 15:12:37-debug: lazy register asset handler label-atlas
2025-8-10 15:12:37-debug: lazy register asset handler render-stage
2025-8-10 15:12:37-debug: lazy register asset handler render-flow
2025-8-10 15:12:37-debug: lazy register asset handler instantiation-mesh
2025-8-10 15:12:37-debug: lazy register asset handler instantiation-material
2025-8-10 15:12:37-debug: lazy register asset handler instantiation-skeleton
2025-8-10 15:12:37-debug: lazy register asset handler instantiation-animation
2025-8-10 15:12:37-debug: lazy register asset handler video-clip
2025-8-10 15:12:37-debug: asset-db:worker-startup-database[assets] (38393ms)
2025-8-10 15:12:37-debug: asset-db:start-database (38866ms)
2025-8-10 15:12:37-debug: asset-db:ready (73482ms)
2025-8-10 15:12:37-debug: fix the bug of updateDefaultUserData
2025-8-10 15:12:37-debug: init worker message success
2025-8-10 15:12:39-debug: [Build Memory track]: builder:worker-init start:186.76MB, end 202.00MB, increase: 15.24MB
2025-8-10 15:12:39-debug: programming:execute-script (18ms)
2025-8-10 15:12:39-debug: builder:worker-init (1401ms)
2025-8-10 15:12:55-debug: refresh db internal success
2025-8-10 15:12:55-debug: refresh db assets success
2025-8-10 15:12:55-debug: Run asset db hook engine-extends:afterRefresh ...
2025-8-10 15:12:55-debug: Run asset db hook engine-extends:afterRefresh success!
2025-8-10 15:12:55-debug: asset-db:refresh-all-database (200ms)
2025-8-10 15:12:55-debug: asset-db:worker-effect-data-processing (2ms)
2025-8-10 15:12:55-debug: asset-db-hook-engine-extends-afterRefresh (2ms)
2025-8-10 15:13:13-debug: refresh db internal success
2025-8-10 15:13:13-debug: refresh db assets success
2025-8-10 15:13:13-debug: Run asset db hook engine-extends:afterRefresh ...
2025-8-10 15:13:13-debug: Run asset db hook engine-extends:afterRefresh success!
2025-8-10 15:13:13-debug: asset-db:refresh-all-database (772ms)
2025-8-10 15:13:13-debug: asset-db:worker-effect-data-processing (2ms)
2025-8-10 15:13:13-debug: asset-db-hook-engine-extends-afterRefresh (3ms)
2025-8-10 15:13:19-debug: refresh db internal success
2025-8-10 15:13:19-debug: refresh db assets success
2025-8-10 15:13:19-debug: Run asset db hook engine-extends:afterRefresh ...
2025-8-10 15:13:19-debug: Run asset db hook engine-extends:afterRefresh success!
2025-8-10 15:13:19-debug: asset-db:refresh-all-database (499ms)
2025-8-10 15:13:19-debug: asset-db:worker-effect-data-processing (2ms)
2025-8-10 15:13:19-debug: asset-db-hook-engine-extends-afterRefresh (3ms)
2025-8-10 15:13:39-debug: refresh db internal success
2025-8-10 15:13:39-debug: refresh db assets success
2025-8-10 15:13:39-debug: Run asset db hook engine-extends:afterRefresh ...
2025-8-10 15:13:39-debug: Run asset db hook engine-extends:afterRefresh success!
2025-8-10 15:13:39-debug: asset-db:refresh-all-database (3775ms)
2025-8-10 15:13:39-debug: asset-db:worker-effect-data-processing (5ms)
2025-8-10 15:13:39-debug: asset-db-hook-engine-extends-afterRefresh (6ms)
2025-8-10 15:13:47-debug: start refresh asset from G:\CocosProjects\Cocos-Learning\assets\Scripts\Cocos核心\2D 对象\UI系统\UI组件\Lesson48_UIOpacity.ts...
2025-8-10 15:13:47-debug: %cImport%c: G:\CocosProjects\Cocos-Learning\assets\Scripts\Cocos核心\2D 对象\UI系统\UI组件\Lesson48_UIOpacity.tsbackground: #aaff85; color: #000;color: #000;
2025-8-10 15:13:47-debug: refresh asset G:\CocosProjects\Cocos-Learning\assets\Scripts\Cocos核心\2D 对象\UI系统\UI组件 success
2025-8-10 15:13:48-debug: %cImport%c: G:\CocosProjects\Cocos-Learning\assets\Scripts\Cocos核心\2D 对象\UI系统\UI组件background: #aaff85; color: #000;color: #000;
2025-8-10 15:14:25-debug: refresh db internal success
2025-8-10 15:14:25-debug: refresh db assets success
2025-8-10 15:14:25-debug: Run asset db hook engine-extends:afterRefresh ...
2025-8-10 15:14:25-debug: Run asset db hook engine-extends:afterRefresh success!
2025-8-10 15:14:25-debug: asset-db:worker-effect-data-processing (3ms)
2025-8-10 15:14:25-debug: asset-db:refresh-all-database (1700ms)
2025-8-10 15:14:25-debug: asset-db-hook-engine-extends-afterRefresh (4ms)
2025-8-10 15:14:29-debug: %cImport%c: G:\CocosProjects\Cocos-Learning\assets\Scripts\Cocos核心\2D 对象\UI系统\UI组件\UI组件.scenebackground: #aaff85; color: #000;color: #000;
2025-8-10 15:14:29-debug: asset-db:reimport-asset63ccb18f-eefe-4334-8ab1-6bc55e52a084 (28ms)
